writeCommonTags: couldn't write 'year' tag to 'Nirvana/Nevermind (1991)/01 Smells Like Teen Spirit.m4a' as it's not a positive integer
writeCommonTags: couldn't write 'year' tag to 'Nirvana/Nevermind (1991)/02 In Bloom.m4a' as it's not a positive integer
writeCommonTags: couldn't write 'year' tag to 'Nirvana/Nevermind (1991)/03 Come As You Are.m4a' as it's not a positive integer
writeCommonTags: couldn't write 'year' tag to 'Nirvana/Nevermind (1991)/04 Breed.m4a' as it's not a positive integer
writeCommonTags: couldn't write 'year' tag to 'Nirvana/Nevermind (1991)/05 Lithium.m4a' as it's not a positive integer
writeCommonTags: couldn't write 'year' tag to 'Nirvana/Nevermind (1991)/06 Polly.m4a' as it's not a positive integer
writeCommonTags: couldn't write 'year' tag to 'Nirvana/Nevermind (1991)/07 Territorial Pissings.m4a' as it's not a positive integer
writeCommonTags: couldn't write 'year' tag to 'Nirvana/Nevermind (1991)/08 Drain You.m4a' as it's not a positive integer
writeCommonTags: couldn't write 'year' tag to 'Nirvana/Nevermind (1991)/09 Lounge Act.m4a' as it's not a positive integer
writeCommonTags: couldn't write 'year' tag to 'Nirvana/Nevermind (1991)/10 Stay Away.m4a' as it's not a positive integer
writeCommonTags: couldn't write 'year' tag to 'Nirvana/Nevermind (1991)/11 On a Plain.m4a' as it's not a positive integer
writeCommonTags: couldn't write 'year' tag to 'Nirvana/Nevermind (1991)/12 Something In the Way.m4a' as it's not a positive integer
writeCommonTags: couldn't write 'year' tag to 'Nirvana/Nevermind (1991)/13 Endless, Nameless.m4a' as it's not a positive integer
writeCommonTags: couldn't write 'year' tag to 'Nirvana/Nevermind (1991)/01 Smells Like Teen Spirit.m4a' as it's not a positive integer
writeCommonTags: couldn't write 'year' tag to 'Nirvana/Nevermind (1991)/02 In Bloom.m4a' as it's not a positive integer
writeCommonTags: couldn't write 'year' tag to 'Nirvana/Nevermind (1991)/03 Come As You Are.m4a' as it's not a positive integer
writeCommonTags: couldn't write 'year' tag to 'Nirvana/Nevermind (1991)/04 Breed.m4a' as it's not a positive integer
writeCommonTags: couldn't write 'year' tag to 'Nirvana/Nevermind (1991)/05 Lithium.m4a' as it's not a positive integer
writeCommonTags: couldn't write 'year' tag to 'Nirvana/Nevermind (1991)/06 Polly.m4a' as it's not a positive integer
writeCommonTags: couldn't write 'year' tag to 'Nirvana/Nevermind (1991)/07 Territorial Pissings.m4a' as it's not a positive integer
writeCommonTags: couldn't write 'year' tag to 'Nirvana/Nevermind (1991)/08 Drain You.m4a' as it's not a positive integer
writeCommonTags: couldn't write 'year' tag to 'Nirvana/Nevermind (1991)/09 Lounge Act.m4a' as it's not a positive integer
writeCommonTags: couldn't write 'year' tag to 'Nirvana/Nevermind (1991)/10 Stay Away.m4a' as it's not a positive integer
writeCommonTags: couldn't write 'year' tag to 'Nirvana/Nevermind (1991)/11 On a Plain.m4a' as it's not a positive integer
writeCommonTags: couldn't write 'year' tag to 'Nirvana/Nevermind (1991)/12 Something In the Way.m4a' as it's not a positive integer
writeCommonTags: couldn't write 'year' tag to 'Nirvana/Nevermind (1991)/13 Endless, Nameless.m4a' as it's not a positive integer
writeCommonTags: couldn't write 'year' tag to 'Nirvana/Nevermind (1991)/01 Smells Like Teen Spirit.m4a' as it's not a positive integer
writeCommonTags: couldn't write 'year' tag to 'Nirvana/Nevermind (1991)/02 In Bloom.m4a' as it's not a positive integer
writeCommonTags: couldn't write 'year' tag to 'Nirvana/Nevermind (1991)/03 Come As You Are.m4a' as it's not a positive integer
writeCommonTags: couldn't write 'year' tag to 'Nirvana/Nevermind (1991)/04 Breed.m4a' as it's not a positive integer
writeCommonTags: couldn't write 'year' tag to 'Nirvana/Nevermind (1991)/05 Lithium.m4a' as it's not a positive integer
writeCommonTags: couldn't write 'year' tag to 'Nirvana/Nevermind (1991)/06 Polly.m4a' as it's not a positive integer
writeCommonTags: couldn't write 'year' tag to 'Nirvana/Nevermind (1991)/07 Territorial Pissings.m4a' as it's not a positive integer
writeCommonTags: couldn't write 'year' tag to 'Nirvana/Nevermind (1991)/08 Drain You.m4a' as it's not a positive integer
writeCommonTags: couldn't write 'year' tag to 'Nirvana/Nevermind (1991)/09 Lounge Act.m4a' as it's not a positive integer
writeCommonTags: couldn't write 'year' tag to 'Nirvana/Nevermind (1991)/10 Stay Away.m4a' as it's not a positive integer
writeCommonTags: couldn't write 'year' tag to 'Nirvana/Nevermind (1991)/11 On a Plain.m4a' as it's not a positive integer
writeCommonTags: couldn't write 'year' tag to 'Nirvana/Nevermind (1991)/12 Something In the Way.m4a' as it's not a positive integer
writeCommonTags: couldn't write 'year' tag to 'Nirvana/Nevermind (1991)/13 Endless, Nameless.m4a' as it's not a positive integer
